  Source.cpp
C:\Users\Princ\source\repos\CompressionBoy\CompressionBoy\Source.cpp(290,7): warning C4996: 'fopen': This function or variable may be unsafe. Consider using fopen_s instead. To disable deprecation, use _CRT_SECURE_NO_WARNINGS. See online help for details.
C:\Users\Princ\source\repos\CompressionBoy\CompressionBoy\Source.cpp(367,13): warning C4244: 'argument': conversion from 'time_t' to 'unsigned int', possible loss of data
C:\Users\Princ\source\repos\CompressionBoy\CompressionBoy\Source.cpp(365,12): warning C4996: 'fopen': This function or variable may be unsafe. Consider using fopen_s instead. To disable deprecation, use _CRT_SECURE_NO_WARNINGS. See online help for details.
C:\Users\Princ\source\repos\CompressionBoy\CompressionBoy\Source.cpp(421,11): warning C4996: 'getch': The POSIX name for this item is deprecated. Instead, use the ISO C and C++ conformant name: _getch. See online help for details.
C:\Users\Princ\source\repos\CompressionBoy\CompressionBoy\Source.cpp(433,6): warning C4996: 'getch': The POSIX name for this item is deprecated. Instead, use the ISO C and C++ conformant name: _getch. See online help for details.
C:\Users\Princ\source\repos\CompressionBoy\CompressionBoy\Source.cpp(436,17): warning C4996: 'fopen': This function or variable may be unsafe. Consider using fopen_s instead. To disable deprecation, use _CRT_SECURE_NO_WARNINGS. See online help for details.
C:\Users\Princ\source\repos\CompressionBoy\CompressionBoy\Source.cpp(441,4): warning C4996: 'fscanf': This function or variable may be unsafe. Consider using fscanf_s instead. To disable deprecation, use _CRT_SECURE_NO_WARNINGS. See online help for details.
C:\Users\Princ\source\repos\CompressionBoy\CompressionBoy\Source.cpp(497,11): warning C4996: 'fopen': This function or variable may be unsafe. Consider using fopen_s instead. To disable deprecation, use _CRT_SECURE_NO_WARNINGS. See online help for details.
C:\Users\Princ\source\repos\CompressionBoy\CompressionBoy\Source.cpp(499,13): warning C4996: 'fopen': This function or variable may be unsafe. Consider using fopen_s instead. To disable deprecation, use _CRT_SECURE_NO_WARNINGS. See online help for details.
C:\Users\Princ\source\repos\CompressionBoy\CompressionBoy\Source.cpp(541,13): warning C4996: 'fopen': This function or variable may be unsafe. Consider using fopen_s instead. To disable deprecation, use _CRT_SECURE_NO_WARNINGS. See online help for details.
C:\Users\Princ\source\repos\CompressionBoy\CompressionBoy\Source.cpp(716,16): warning C4996: 'fopen': This function or variable may be unsafe. Consider using fopen_s instead. To disable deprecation, use _CRT_SECURE_NO_WARNINGS. See online help for details.
C:\Users\Princ\source\repos\CompressionBoy\CompressionBoy\Source.cpp(717,15): warning C4996: 'fopen': This function or variable may be unsafe. Consider using fopen_s instead. To disable deprecation, use _CRT_SECURE_NO_WARNINGS. See online help for details.
C:\Users\Princ\source\repos\CompressionBoy\CompressionBoy\Source.cpp(723,2): warning C4996: 'fscanf': This function or variable may be unsafe. Consider using fscanf_s instead. To disable deprecation, use _CRT_SECURE_NO_WARNINGS. See online help for details.
C:\Users\Princ\source\repos\CompressionBoy\CompressionBoy\Source.cpp(729,3): warning C4996: 'fscanf': This function or variable may be unsafe. Consider using fscanf_s instead. To disable deprecation, use _CRT_SECURE_NO_WARNINGS. See online help for details.
C:\Users\Princ\source\repos\CompressionBoy\CompressionBoy\Source.cpp(747,12): warning C4996: 'fopen': This function or variable may be unsafe. Consider using fopen_s instead. To disable deprecation, use _CRT_SECURE_NO_WARNINGS. See online help for details.
C:\Users\Princ\source\repos\CompressionBoy\CompressionBoy\Source.cpp(752,3): warning C4996: 'fscanf': This function or variable may be unsafe. Consider using fscanf_s instead. To disable deprecation, use _CRT_SECURE_NO_WARNINGS. See online help for details.
C:\Users\Princ\source\repos\CompressionBoy\CompressionBoy\Source.cpp(762,12): warning C4996: 'fopen': This function or variable may be unsafe. Consider using fopen_s instead. To disable deprecation, use _CRT_SECURE_NO_WARNINGS. See online help for details.
C:\Users\Princ\source\repos\CompressionBoy\CompressionBoy\Source.cpp(767,3): warning C4996: 'fscanf': This function or variable may be unsafe. Consider using fscanf_s instead. To disable deprecation, use _CRT_SECURE_NO_WARNINGS. See online help for details.
C:\Users\Princ\source\repos\CompressionBoy\CompressionBoy\Source.cpp(791,6): warning C4996: 'fopen': This function or variable may be unsafe. Consider using fopen_s instead. To disable deprecation, use _CRT_SECURE_NO_WARNINGS. See online help for details.
C:\Users\Princ\source\repos\CompressionBoy\CompressionBoy\Source.cpp(794,2): warning C4996: 'getch': The POSIX name for this item is deprecated. Instead, use the ISO C and C++ conformant name: _getch. See online help for details.
  CompressionBoy.vcxproj -> C:\Users\Princ\source\repos\CompressionBoy\x64\Debug\CompressionBoy.exe
