  Source.cpp
C:\Users\Princ\source\repos\CompressionBoy\CompressionBoy\Source.cpp(275,7): warning C4996: 'fopen': This function or variable may be unsafe. Consider using fopen_s instead. To disable deprecation, use _CRT_SECURE_NO_WARNINGS. See online help for details.
C:\Users\Princ\source\repos\CompressionBoy\CompressionBoy\Source.cpp(350,12): warning C4244: 'argument': conversion from 'time_t' to 'unsigned int', possible loss of data
C:\Users\Princ\source\repos\CompressionBoy\CompressionBoy\Source.cpp(349,12): warning C4996: 'fopen': This function or variable may be unsafe. Consider using fopen_s instead. To disable deprecation, use _CRT_SECURE_NO_WARNINGS. See online help for details.
C:\Users\Princ\source\repos\CompressionBoy\CompressionBoy\Source.cpp(371,11): warning C4996: 'getch': The POSIX name for this item is deprecated. Instead, use the ISO C and C++ conformant name: _getch. See online help for details.
C:\Users\Princ\source\repos\CompressionBoy\CompressionBoy\Source.cpp(383,6): warning C4996: 'getch': The POSIX name for this item is deprecated. Instead, use the ISO C and C++ conformant name: _getch. See online help for details.
C:\Users\Princ\source\repos\CompressionBoy\CompressionBoy\Source.cpp(385,17): warning C4996: 'fopen': This function or variable may be unsafe. Consider using fopen_s instead. To disable deprecation, use _CRT_SECURE_NO_WARNINGS. See online help for details.
C:\Users\Princ\source\repos\CompressionBoy\CompressionBoy\Source.cpp(389,4): warning C4996: 'fscanf': This function or variable may be unsafe. Consider using fscanf_s instead. To disable deprecation, use _CRT_SECURE_NO_WARNINGS. See online help for details.
C:\Users\Princ\source\repos\CompressionBoy\CompressionBoy\Source.cpp(435,11): warning C4996: 'fopen': This function or variable may be unsafe. Consider using fopen_s instead. To disable deprecation, use _CRT_SECURE_NO_WARNINGS. See online help for details.
C:\Users\Princ\source\repos\CompressionBoy\CompressionBoy\Source.cpp(437,13): warning C4996: 'fopen': This function or variable may be unsafe. Consider using fopen_s instead. To disable deprecation, use _CRT_SECURE_NO_WARNINGS. See online help for details.
C:\Users\Princ\source\repos\CompressionBoy\CompressionBoy\Source.cpp(481,13): warning C4996: 'fopen': This function or variable may be unsafe. Consider using fopen_s instead. To disable deprecation, use _CRT_SECURE_NO_WARNINGS. See online help for details.
C:\Users\Princ\source\repos\CompressionBoy\CompressionBoy\Source.cpp(640,16): warning C4996: 'fopen': This function or variable may be unsafe. Consider using fopen_s instead. To disable deprecation, use _CRT_SECURE_NO_WARNINGS. See online help for details.
C:\Users\Princ\source\repos\CompressionBoy\CompressionBoy\Source.cpp(641,15): warning C4996: 'fopen': This function or variable may be unsafe. Consider using fopen_s instead. To disable deprecation, use _CRT_SECURE_NO_WARNINGS. See online help for details.
C:\Users\Princ\source\repos\CompressionBoy\CompressionBoy\Source.cpp(647,2): warning C4996: 'fscanf': This function or variable may be unsafe. Consider using fscanf_s instead. To disable deprecation, use _CRT_SECURE_NO_WARNINGS. See online help for details.
C:\Users\Princ\source\repos\CompressionBoy\CompressionBoy\Source.cpp(653,3): warning C4996: 'fscanf': This function or variable may be unsafe. Consider using fscanf_s instead. To disable deprecation, use _CRT_SECURE_NO_WARNINGS. See online help for details.
C:\Users\Princ\source\repos\CompressionBoy\CompressionBoy\Source.cpp(670,12): warning C4996: 'fopen': This function or variable may be unsafe. Consider using fopen_s instead. To disable deprecation, use _CRT_SECURE_NO_WARNINGS. See online help for details.
C:\Users\Princ\source\repos\CompressionBoy\CompressionBoy\Source.cpp(674,3): warning C4996: 'fscanf': This function or variable may be unsafe. Consider using fscanf_s instead. To disable deprecation, use _CRT_SECURE_NO_WARNINGS. See online help for details.
C:\Users\Princ\source\repos\CompressionBoy\CompressionBoy\Source.cpp(689,12): warning C4996: 'fopen': This function or variable may be unsafe. Consider using fopen_s instead. To disable deprecation, use _CRT_SECURE_NO_WARNINGS. See online help for details.
C:\Users\Princ\source\repos\CompressionBoy\CompressionBoy\Source.cpp(693,3): warning C4996: 'fscanf': This function or variable may be unsafe. Consider using fscanf_s instead. To disable deprecation, use _CRT_SECURE_NO_WARNINGS. See online help for details.
C:\Users\Princ\source\repos\CompressionBoy\CompressionBoy\Source.cpp(713,6): warning C4996: 'fopen': This function or variable may be unsafe. Consider using fopen_s instead. To disable deprecation, use _CRT_SECURE_NO_WARNINGS. See online help for details.
C:\Users\Princ\source\repos\CompressionBoy\CompressionBoy\Source.cpp(716,2): warning C4996: 'getch': The POSIX name for this item is deprecated. Instead, use the ISO C and C++ conformant name: _getch. See online help for details.
  CompressionBoy.vcxproj -> C:\Users\Princ\source\repos\CompressionBoy\Debug\CompressionBoy.exe
